{"timestamp":"2021-05-01T11:39:44.134Z","method":"GET","url":"/api/movietickets/","http_version":"1.1","response_time":"13.640","status":"304","content_length":"-","headers_count":"req-headers-length"}
{"timestamp":"2021-05-01T11:40:29.884Z","method":"GET","url":"/api/movietickets/","http_version":"1.1","response_time":"4.821","status":"200","content_length":"0","headers_count":"req-headers-length"}
{"timestamp":"2021-05-01T11:40:40.017Z","method":"GET","url":"/api/movietickets/4","http_version":"1.1","response_time":"2.095","status":"404","content_length":"157","headers_count":"req-headers-length"}
{"timestamp":"2021-05-01T11:41:13.247Z","method":"GET","url":"/api/movietickets/","http_version":"1.1","response_time":"1.685","status":"200","content_length":"0","headers_count":"req-headers-length"}
{"timestamp":"2021-05-01T11:41:35.966Z","method":"GET","url":"/api/movietickets/ticket/4","http_version":"1.1","response_time":"5.625","status":"200","content_length":"352","headers_count":"req-headers-length"}
{"timestamp":"2021-05-01T11:42:22.295Z","method":"GET","url":"/api/movietickets/ticket/4","http_version":"1.1","response_time":"11.549","status":"200","content_length":"352","headers_count":"req-headers-length"}
{"timestamp":"2021-05-01T14:54:17.353Z","method":"GET","url":"/login","http_version":"1.1","response_time":"5.244","status":"404","content_length":"144","headers_count":"req-headers-length"}
{"timestamp":"2021-05-01T14:59:03.210Z","method":"GET","url":"/login","http_version":"1.1","response_time":"4.972","status":"404","content_length":"144","headers_count":"req-headers-length"}
{"timestamp":"2021-05-01T18:43:13.734Z","method":"GET","url":"/login","http_version":"1.1","response_time":"4.920","status":"404","content_length":"144","headers_count":"req-headers-length"}
{"timestamp":"2021-05-01T18:47:41.690Z","method":"GET","url":"/login","http_version":"1.1","response_time":"5.262","status":"404","content_length":"144","headers_count":"req-headers-length"}
{"timestamp":"2021-05-01T18:47:49.085Z","method":"GET","url":"/login","http_version":"1.1","response_time":"0.964","status":"404","content_length":"144","headers_count":"req-headers-length"}
{"timestamp":"2021-05-01T18:48:56.924Z","method":"GET","url":"/login","http_version":"1.1","response_time":"59.392","status":"302","content_length":"0","headers_count":"req-headers-length"}
{"timestamp":"2021-05-01T18:53:27.576Z","method":"GET","url":"/login","http_version":"1.1","response_time":"27.304","status":"302","content_length":"204","headers_count":"req-headers-length"}
{"timestamp":"2021-05-01T18:55:04.367Z","method":"GET","url":"/login","http_version":"1.1","response_time":"0.677","status":"302","content_length":"204","headers_count":"req-headers-length"}
{"timestamp":"2021-05-01T18:57:43.658Z","method":"GET","url":"/login","http_version":"1.1","response_time":"24.695","status":"302","content_length":"114","headers_count":"req-headers-length"}
{"timestamp":"2021-05-01T18:59:15.571Z","method":"GET","url":"/login","http_version":"1.1","response_time":"7.413","status":"302","content_length":"114","headers_count":"req-headers-length"}
{"timestamp":"2021-05-01T18:59:33.396Z","method":"GET","url":"/login","http_version":"1.1","response_time":"7.067","status":"302","content_length":"204","headers_count":"req-headers-length"}
{"timestamp":"2021-05-02T18:35:28.723Z","method":"GET","url":"/login","http_version":"1.1","response_time":"81.982","status":"302","content_length":"0","headers_count":"req-headers-length"}
{"timestamp":"2021-05-02T18:40:28.913Z","method":"GET","url":"/","http_version":"1.1","response_time":"2.311","status":"200","content_length":"12","headers_count":"req-headers-length"}
{"timestamp":"2021-05-02T18:40:35.939Z","method":"GET","url":"/login","http_version":"1.1","response_time":"11.832","status":"302","content_length":"0","headers_count":"req-headers-length"}
{"timestamp":"2021-05-02T18:45:23.792Z","method":"GET","url":"/api/movietickets/","http_version":"1.1","response_time":"6.388","status":"200","content_length":"12","headers_count":"req-headers-length"}
{"timestamp":"2021-05-02T19:36:44.623Z","method":"GET","url":"/login.com","http_version":"1.1","response_time":"2.020","status":"404","content_length":"148","headers_count":"req-headers-length"}
{"timestamp":"2021-05-02T20:02:48.846Z","method":"GET","url":"/login","http_version":"1.1","response_time":"61.286","status":"302","content_length":"0","headers_count":"req-headers-length"}
{"timestamp":"2021-05-02T20:28:32.725Z","method":"GET","url":"/login","http_version":"1.1","response_time":"66.653","status":"302","content_length":"0","headers_count":"req-headers-length"}
{"timestamp":"2021-05-02T21:59:27.471Z","method":"GET","url":"/api/movietickets/ticket/4","http_version":"1.1","response_time":"11.447","status":"200","content_length":"352","headers_count":"req-headers-length"}
{"timestamp":"2021-05-02T23:10:15.218Z","method":"DELETE","url":"/api/movietickets/ticket/2","http_version":"1.1","response_time":"37.531","status":"200","content_length":"14","headers_count":"req-headers-length"}
{"timestamp":"2021-05-02T23:30:36.584Z","method":"PUT","url":"/api/movietickets/ticket/4","http_version":"1.1","response_time":"25.681","status":"302","content_length":"23","headers_count":"req-headers-length"}
{"timestamp":"2021-05-02T23:30:36.590Z","method":"GET","url":"/","http_version":"1.1","response_time":"1.516","status":"200","content_length":"12","headers_count":"req-headers-length"}
{"timestamp":"2021-05-02T23:32:22.007Z","method":"PUT","url":"/api/movietickets/ticket/3","http_version":"1.1","response_time":"11.998","status":"302","content_length":"23","headers_count":"req-headers-length"}
{"timestamp":"2021-05-02T23:32:22.012Z","method":"GET","url":"/","http_version":"1.1","response_time":"1.197","status":"404","content_length":"139","headers_count":"req-headers-length"}
{"timestamp":"2021-05-02T23:34:44.617Z","method":"GET","url":"/api/movietickets/","http_version":"1.1","response_time":"52.397","status":"200","content_length":"0","headers_count":"req-headers-length"}
{"timestamp":"2021-05-02T23:36:09.118Z","method":"PUT","url":"/api/movietickets/ticket/3","http_version":"1.1","response_time":"12.540","status":"302","content_length":"40","headers_count":"req-headers-length"}
{"timestamp":"2021-05-02T23:36:09.133Z","method":"GET","url":"/api/movietickets/","http_version":"1.1","response_time":"11.400","status":"200","content_length":"0","headers_count":"req-headers-length"}
{"timestamp":"2021-05-02T23:37:23.159Z","method":"GET","url":"/api/movietickets/ticket/4","http_version":"1.1","response_time":"4.788","status":"200","content_length":"352","headers_count":"req-headers-length"}
{"timestamp":"2021-05-02T23:37:29.396Z","method":"GET","url":"/api/movietickets/","http_version":"1.1","response_time":"2.358","status":"200","content_length":"0","headers_count":"req-headers-length"}
{"timestamp":"2021-05-02T23:38:31.937Z","method":"PUT","url":"/api/movietickets/ticket/4","http_version":"1.1","response_time":"14.456","status":"302","content_length":"23","headers_count":"req-headers-length"}
{"timestamp":"2021-05-02T23:38:31.942Z","method":"GET","url":"/","http_version":"1.1","response_time":"1.274","status":"404","content_length":"139","headers_count":"req-headers-length"}
{"timestamp":"2021-05-02T23:41:36.973Z","method":"PUT","url":"/api/movietickets/ticket/3","http_version":"1.1","response_time":"12.084","status":"302","content_length":"40","headers_count":"req-headers-length"}
{"timestamp":"2021-05-02T23:41:36.984Z","method":"GET","url":"/api/movietickets/","http_version":"1.1","response_time":"6.725","status":"200","content_length":"199","headers_count":"req-headers-length"}
{"timestamp":"2021-05-02T23:43:09.806Z","method":"PUT","url":"/api/movietickets/ticket/3","http_version":"1.1","response_time":"12.100","status":"302","content_length":"48","headers_count":"req-headers-length"}
{"timestamp":"2021-05-02T23:43:09.815Z","method":"GET","url":"/api/movietickets/ticket/3","http_version":"1.1","response_time":"5.810","status":"200","content_length":"355","headers_count":"req-headers-length"}
{"timestamp":"2021-05-03T02:43:31.791Z","method":"GET","url":"/api/movies/1","http_version":"1.1","response_time":"2.873","status":"200","content_length":"236","headers_count":"req-headers-length"}
{"timestamp":"2021-05-03T02:43:36.680Z","method":"GET","url":"/api/movies/","http_version":"1.1","response_time":"4.141","status":"200","content_length":"655","headers_count":"req-headers-length"}
{"timestamp":"2021-05-03T03:01:46.921Z","method":"GET","url":"/api/movies/3","http_version":"1.1","response_time":"1.453","status":"200","content_length":"218","headers_count":"req-headers-length"}
